  EventSystem.cpp
w:\university\3d-graphic - architecture\3dgp-msvc2017\3dgp-msvc2017\glsandbox\src\eventsystem.cpp(33): warning C4244: '=': conversion from 'Sint32' to 'T', possible loss of data
          with
          [
              T=float
          ]
w:\university\3d-graphic - architecture\3dgp-msvc2017\3dgp-msvc2017\glsandbox\src\eventsystem.cpp(34): warning C4244: '=': conversion from 'Sint32' to 'T', possible loss of data
          with
          [
              T=float
          ]
w:\university\3d-graphic - architecture\3dgp-msvc2017\3dgp-msvc2017\glsandbox\src\eventsystem.cpp(54): warning C4244: 'return': conversion from 'T' to 'int', possible loss of data
          with
          [
              T=float
          ]
w:\university\3d-graphic - architecture\3dgp-msvc2017\3dgp-msvc2017\glsandbox\src\eventsystem.cpp(59): warning C4244: 'return': conversion from 'T' to 'int', possible loss of data
          with
          [
              T=float
          ]
  MovementSystem.cpp
  ShaderProgram.cpp
  main.cpp
w:\university\3d-graphic - architecture\3dgp-msvc2017\3dgp-msvc2017\glsandbox\src\main.cpp(28): warning C4305: 'initializing': truncation from 'double' to 'float'
w:\university\3d-graphic - architecture\3dgp-msvc2017\3dgp-msvc2017\glsandbox\src\main.cpp(91): warning C4305: 'argument': truncation from 'double' to 'float'
w:\university\3d-graphic - architecture\3dgp-msvc2017\3dgp-msvc2017\glsandbox\src\main.cpp(106): warning C4244: 'initializing': conversion from 'Uint32' to 'float', possible loss of data
w:\university\3d-graphic - architecture\3dgp-msvc2017\3dgp-msvc2017\glsandbox\src\main.cpp(126): warning C4244: 'argument': conversion from 'int' to 'float', possible loss of data
w:\university\3d-graphic - architecture\3dgp-msvc2017\3dgp-msvc2017\glsandbox\src\main.cpp(127): warning C4244: 'argument': conversion from 'int' to 'float', possible loss of data
  Generating Code...
w:\university\3d-graphic - architecture\3dgp-msvc2017\3dgp-msvc2017\glsandbox\src\eventsystem.cpp(38): warning C4715: 'EventSystem::EventLoop': not all control paths return a value
  GLSandbox.vcxproj -> W:\University\3D-Graphic - Architecture\3dgp-msvc2017\3dgp-msvc2017\glsandbox\x64\Debug\GLSandbox.exe
