w:\university\3d-graphic - architecture\3dgp-msvc2017\3dgp-msvc2017\glsandbox\x64\debug\glsandbox.exe
w:\university\3d-graphic - architecture\3dgp-msvc2017\3dgp-msvc2017\glsandbox\x64\debug\glsandbox.ilk
w:\university\3d-graphic - architecture\3dgp-msvc2017\3dgp-msvc2017\glsandbox\x64\debug\glsandbox.pdb
w:\university\3d-graphic - architecture\3dgp-msvc2017\3dgp-msvc2017\glsandbox\x64\debug\vc141.pdb
w:\university\3d-graphic - architecture\3dgp-msvc2017\3dgp-msvc2017\glsandbox\x64\debug\vc141.idb
w:\university\3d-graphic - architecture\3dgp-msvc2017\3dgp-msvc2017\glsandbox\x64\debug\vertexbuffer.obj
w:\university\3d-graphic - architecture\3dgp-msvc2017\3dgp-msvc2017\glsandbox\x64\debug\vertexarray.obj
w:\university\3d-graphic - architecture\3dgp-msvc2017\3dgp-msvc2017\glsandbox\x64\debug\texture.obj
w:\university\3d-graphic - architecture\3dgp-msvc2017\3dgp-msvc2017\glsandbox\x64\debug\main.obj
w:\university\3d-graphic - architecture\3dgp-msvc2017\3dgp-msvc2017\glsandbox\x64\debug\shaderprogram.obj
w:\university\3d-graphic - architecture\3dgp-msvc2017\3dgp-msvc2017\glsandbox\x64\debug\model.obj
w:\university\3d-graphic - architecture\3dgp-msvc2017\3dgp-msvc2017\glsandbox\x64\debug\light.obj
w:\university\3d-graphic - architecture\3dgp-msvc2017\3dgp-msvc2017\glsandbox\x64\debug\eventsystem.obj
w:\university\3d-graphic - architecture\3dgp-msvc2017\3dgp-msvc2017\glsandbox\x64\debug\shaderprogram.obj.enc
w:\university\3d-graphic - architecture\3dgp-msvc2017\3dgp-msvc2017\glsandbox\x64\debug\glsandbox.tlog\cl.command.1.tlog
w:\university\3d-graphic - architecture\3dgp-msvc2017\3dgp-msvc2017\glsandbox\x64\debug\glsandbox.tlog\link.read.1.tlog
w:\university\3d-graphic - architecture\3dgp-msvc2017\3dgp-msvc2017\glsandbox\x64\debug\glsandbox.tlog\link.write.1.tlog
w:\university\3d-graphic - architecture\3dgp-msvc2017\3dgp-msvc2017\glsandbox\x64\debug\glsandbox.tlog\link.command.1.tlog
w:\university\3d-graphic - architecture\3dgp-msvc2017\3dgp-msvc2017\glsandbox\x64\debug\glsandbox.tlog\cl.read.1.tlog
w:\university\3d-graphic - architecture\3dgp-msvc2017\3dgp-msvc2017\glsandbox\x64\debug\glsandbox.tlog\cl.write.1.tlog
